Running: C:\Xilinx\14.4\ISE_DS\ISE\bin\nt64\unwrapped\fuse.exe -intstyle ise -incremental -lib unisims_ver -lib unimacro_ver -lib xilinxcorelib_ver -lib secureip -o D:/xilinx/lab102/ram_isim_beh.exe -prj D:/xilinx/lab102/ram_beh.prj work.ram work.glbl 
ISim P.49d (signature 0x7708f090)
Number of CPUs detected in this system: 4
Turning on mult-threading, number of parallel sub-compilation jobs: 8 
Determining compilation order of HDL files
Analyzing Verilog file "D:/xilinx/lab102/Dflipflop.v" into library work
Analyzing Verilog file "D:/xilinx/lab102/mem8bit.v" into library work
Analyzing Verilog file "D:/xilinx/lab102/decoder.v" into library work
Analyzing Verilog file "D:/xilinx/lab102/buf.v" into library work
Analyzing Verilog file "D:/xilinx/lab102/ram.v" into library work
Analyzing Verilog file "C:/Xilinx/14.4/ISE_DS/ISE//verilog/src/glbl.v" into library work
Starting static elaboration
Completed static elaboration
Compiling module decoder
Compiling module Dflipflop
Compiling module mem8bit
Compiling module buff
Compiling module ram
Compiling module glbl
Time Resolution for simulation is 1ps.
Waiting for 1 sub-compilation(s) to finish...
Compiled 6 Verilog Units
Built simulation executable D:/xilinx/lab102/ram_isim_beh.exe
Fuse Memory Usage: 28124 KB
Fuse CPU Usage: 374 ms
