Release 14.4 - xst P.49d (nt64)
Copyright (c) 1995-2012 Xilinx, Inc.  All rights reserved.
--> Parameter TMPDIR set to xst/projnav.tmp


Total REAL time to Xst completion: 0.00 secs
Total CPU time to Xst completion: 0.09 secs
 
--> Parameter xsthdpdir set to xst


Total REAL time to Xst completion: 0.00 secs
Total CPU time to Xst completion: 0.09 secs
 
--> Reading design: RCA.prj

TABLE OF CONTENTS
  1) Synthesis Options Summary
  2) HDL Parsing
  3) HDL Elaboration
  4) HDL Synthesis
       4.1) HDL Synthesis Report
  5) Advanced HDL Synthesis
       5.1) Advanced HDL Synthesis Report
  6) Low Level Synthesis
  7) Partition Report
  8) Design Summary
       8.1) Primitive and Black Box Usage
       8.2) Device utilization summary
       8.3) Partition Resource Summary
       8.4) Timing Report
            8.4.1) Clock Information
            8.4.2) Asynchronous Control Signals Information
            8.4.3) Timing Summary
            8.4.4) Timing Details
            8.4.5) Cross Clock Domains Report


=========================================================================
*                      Synthesis Options Summary                        *
=========================================================================
---- Source Parameters
Input File Name                    : "RCA.prj"
Ignore Synthesis Constraint File   : NO

---- Target Parameters
Output File Name                   : "RCA"
Output Format                      : NGC
Target Device                      : xc7a100t-3-csg324

---- Source Options
Top Module Name                    : RCA
Automatic FSM Extraction           : YES
FSM Encoding Algorithm             : Auto
Safe Implementation                : No
FSM Style                          : LUT
RAM Extraction                     : Yes
RAM Style                          : Auto
ROM Extraction                     : Yes
Shift Register Extraction          : YES
ROM Style                          : Auto
Resource Sharing                   : YES
Asynchronous To Synchronous        : NO
Shift Register Minimum Size        : 2
Use DSP Block                      : Auto
Automatic Register Balancing       : No

---- Target Options
LUT Combining                      : Auto
Reduce Control Sets                : Auto
Add IO Buffers                     : YES
Global Maximum Fanout              : 100000
Add Generic Clock Buffer(BUFG)     : 32
Register Duplication               : YES
Optimize Instantiated Primitives   : NO
Use Clock Enable                   : Auto
Use Synchronous Set                : Auto
Use Synchronous Reset              : Auto
Pack IO Registers into IOBs        : Auto
Equivalent register Removal        : YES

---- General Options
Optimization Goal                  : Speed
Optimization Effort                : 1
Power Reduction                    : NO
Keep Hierarchy                     : No
Netlist Hierarchy                  : As_Optimized
RTL Output                         : Yes
Global Optimization                : AllClockNets
Read Cores                         : YES
Write Timing Constraints           : NO
Cross Clock Analysis               : NO
Hierarchy Separator                : /
Bus Delimiter                      : <>
Case Specifier                     : Maintain
Slice Utilization Ratio            : 100
BRAM Utilization Ratio             : 100
DSP48 Utilization Ratio            : 100
Auto BRAM Packing                  : NO
Slice Utilization Ratio Delta      : 5

=========================================================================


=========================================================================
*                          HDL Parsing                                  *
=========================================================================
Analyzing Verilog file "C:\Users\user\Documents\GitHub\Digital-Lab\xilinx\lab101\FA.v" into library work
Parsing module <FA>.
Analyzing Verilog file "C:\Users\user\Documents\GitHub\Digital-Lab\xilinx\lab101\RCA.v" into library work
Parsing module <RCA>.

=========================================================================
*                            HDL Elaboration                            *
=========================================================================

Elaborating module <RCA>.

Elaborating module <FA>.

=========================================================================
*                           HDL Synthesis                               *
=========================================================================

Synthesizing Unit <RCA>.
    Related source file is "C:\Users\user\Documents\GitHub\Digital-Lab\xilinx\lab101\RCA.v".
INFO:Xst:3210 - "C:\Users\user\Documents\GitHub\Digital-Lab\xilinx\lab101\RCA.v" line 46: Output port <cout> of the instance <f20> is unconnected or connected to loadless signal.
    Summary:
	no macro.
Unit <RCA> synthesized.

Synthesizing Unit <FA>.
    Related source file is "C:\Users\user\Documents\GitHub\Digital-Lab\xilinx\lab101\FA.v".
    Found 1-bit adder for signal <cout> created at line 27.
    Summary:
	inferred   1 Adder/Subtractor(s).
Unit <FA> synthesized.

=========================================================================
HDL Synthesis Report

Macro Statistics
# Adders/Subtractors                                   : 20
 1-bit adder                                           : 20
# Xors                                                 : 40
 1-bit xor2                                            : 40

=========================================================================

=========================================================================
*                       Advanced HDL Synthesis                          *
=========================================================================


=========================================================================
Advanced HDL Synthesis Report

Macro Statistics
# Adders/Subtractors                                   : 20
 1-bit adder                                           : 20
# Xors                                                 : 40
 1-bit xor2                                            : 40

=========================================================================

=========================================================================
*                         Low Level Synthesis                           *
=========================================================================

Optimizing unit <RCA> ...

Mapping all equations...
Building and optimizing final netlist ...
Found area constraint ratio of 100 (+ 5) on block RCA, actual ratio is 0.

Final Macro Processing ...

=========================================================================
Final Register Report

Found no macro
=========================================================================

=========================================================================
*                           Partition Report                            *
=========================================================================

Partition Implementation Status
-------------------------------

  No Partitions were found in this design.

-------------------------------

=========================================================================
*                            Design Summary                             *
=========================================================================

Top Level Output File Name         : RCA.ngc

Primitive and Black Box Usage:
------------------------------
# BELS                             : 29
#      LUT3                        : 10
#      LUT4                        : 1
#      LUT5                        : 17
#      LUT6                        : 1
# IO Buffers                       : 57
#      IBUF                        : 37
#      OBUF                        : 20

Device utilization summary:
---------------------------

Selected Device : 7a100tcsg324-3 


Slice Logic Utilization: 
 Number of Slice LUTs:                   29  out of  63400     0%  
    Number used as Logic:                29  out of  63400     0%  

Slice Logic Distribution: 
 Number of LUT Flip Flop pairs used:     29
   Number with an unused Flip Flop:      29  out of     29   100%  
   Number with an unused LUT:             0  out of     29     0%  
   Number of fully used LUT-FF pairs:     0  out of     29     0%  
   Number of unique control sets:         0

IO Utilization: 
 Number of IOs:                          57
 Number of bonded IOBs:                  57  out of    210    27%  

Specific Feature Utilization:

---------------------------
Partition Resource Summary:
---------------------------

  No Partitions were found in this design.

---------------------------


=========================================================================
Timing Report

NOTE: THESE TIMING NUMBERS ARE ONLY A SYNTHESIS ESTIMATE.
      FOR ACCURATE TIMING INFORMATION PLEASE REFER TO THE TRACE REPORT
      GENERATED AFTER PLACE-and-ROUTE.

Clock Information:
------------------
No clock signals found in this design

Asynchronous Control Signals Information:
----------------------------------------
No asynchronous control signals found in this design

Timing Summary:
---------------
Speed Grade: -3

   Minimum period: No path found
   Minimum input arrival time before clock: No path found
   Maximum output required time after clock: No path found
   Maximum combinational path delay: 5.099ns

Timing Details:
---------------
All values displayed in nanoseconds (ns)

=========================================================================
Timing constraint: Default path analysis
  Total number of paths / destination ports: 430 / 20
-------------------------------------------------------------------------
Delay:               5.099ns (Levels of Logic = 12)
  Source:            a<0> (PAD)
  Destination:       s<19> (PAD)

  Data Path: a<0> to s<19>
                                Gate     Net
    Cell:in->out      fanout   Delay   Delay  Logical Name (Net Name)
    ----------------------------------------  ------------
     IBUF:I->O             3   0.001   0.521  a_0_IBUF (a_0_IBUF)
     LUT3:I0->O            2   0.097   0.384  f1/Madd_cout_lut<0>1 (cout<0>)
     LUT5:I3->O            3   0.097   0.389  f3/Madd_cout_lut<0>1 (cout<2>)
     LUT5:I3->O            3   0.097   0.389  f5/Madd_cout_lut<0>1 (cout<4>)
     LUT5:I3->O            3   0.097   0.389  f7/Madd_cout_lut<0>1 (cout<6>)
     LUT5:I3->O            3   0.097   0.389  f9/Madd_cout_lut<0>1 (cout<8>)
     LUT5:I3->O            3   0.097   0.389  f11/Madd_cout_lut<0>1 (cout<10>)
     LUT5:I3->O            3   0.097   0.389  f13/Madd_cout_lut<0>1 (cout<12>)
     LUT5:I3->O            5   0.097   0.314  f15/Madd_cout_lut<0>1 (cout<14>)
     LUT3:I2->O            1   0.097   0.295  f16/Madd_cout_lut<0>1 (cout<15>)
     LUT5:I4->O            1   0.097   0.279  f20/Mxor_s_xo<0>1 (s_19_OBUF)
     OBUF:I->O                 0.000          s_19_OBUF (s<19>)
    ----------------------------------------
    Total                      5.099ns (0.971ns logic, 4.128ns route)
                                       (19.0% logic, 81.0% route)

=========================================================================

Cross Clock Domains Report:
--------------------------

=========================================================================


Total REAL time to Xst completion: 8.00 secs
Total CPU time to Xst completion: 8.25 secs
 
--> 

Total memory usage is 472116 kilobytes

Number of errors   :    0 (   0 filtered)
Number of warnings :    0 (   0 filtered)
Number of infos    :    1 (   0 filtered)

